<?xml version="1.0" encoding="UTF-8"?>
<!-- Generated by org.testng.reporters.JUnitXMLReporter -->
<testsuite ignored="1" hostname="dell" failures="2" tests="2" name="ChromeTest" time="12.666" errors="0" timestamp="2024-02-28T08:49:54 IST">
  <testcase classname="scripts.signInScript" name="signInScript" time="5.865">
    <failure type="java.lang.NullPointerException" message="Cannot invoke &amp;quot;generic.webActionUtil.validateTitle(String)&amp;quot; because &amp;quot;scripts.signInScript.actionUtil&amp;quot; is null">
      <![CDATA[java.lang.NullPointerException: Cannot invoke "generic.webActionUtil.validateTitle(String)" because "scripts.signInScript.actionUtil" is null
at scripts.signInScript.signInScript(signInScript.java:21)
at java.base/java.util.ArrayList.forEach(ArrayList.java:1511)
... Removed 27 stack frames]]>
    </failure>
  </testcase> <!-- signInScript -->
  <testcase classname="scripts.signInScript" name="signInScript" time="12.602">
    <failure type="java.lang.NullPointerException" message="Cannot invoke &amp;quot;generic.webActionUtil.capturescreenshot(String)&amp;quot; because &amp;quot;generic.basetest.actionUtil&amp;quot; is null">
      <![CDATA[java.lang.NullPointerException: Cannot invoke "generic.webActionUtil.capturescreenshot(String)" because "generic.basetest.actionUtil" is null
at listeners.myListener.onTestFailure(myListener.java:12)
at java.base/java.util.ArrayList.forEach(ArrayList.java:1511)
... Removed 24 stack frames]]>
    </failure>
  </testcase> <!-- signInScript -->
  <testcase classname="generic.basetest" name="@AfterSuite killDrivers" time="0.0">
    <ignored/>
  </testcase> <!-- @AfterSuite killDrivers -->
</testsuite> <!-- ChromeTest -->
