<?xml version="1.0" encoding="UTF-8"?>
<testng-results ignored="0" total="1" passed="1" failed="0" skipped="0">
  <reporter-output>
  </reporter-output>
  <suite started-at="2024-02-26T09:50:48 IST" name="Suite" finished-at="2024-02-26T09:51:06 IST" duration-ms="18335">
    <groups>
    </groups>
    <test started-at="2024-02-26T09:50:48 IST" name="ChromeTest" finished-at="2024-02-26T09:51:06 IST" duration-ms="18335">
      <class name="scripts.addContactsScript">
        <test-method is-config="true" signature="setpath()[pri:0, instance:scripts.addContactsScript@27462a88]" started-at="2024-02-26T09:50:48 IST" name="setpath" finished-at="2024-02-26T09:50:48 IST" duration-ms="11" status="PASS">
          <reporter-output>
          </reporter-output>
        </test-method> <!-- setpath -->
        <test-method is-config="true" signature="launchBrrowser(java.lang.String)[pri:0, instance:scripts.addContactsScript@27462a88]" started-at="2024-02-26T09:50:50 IST" name="launchBrrowser" finished-at="2024-02-26T09:50:57 IST" duration-ms="6917" status="PASS">
          <params>
            <param index="0">
              <value>
                <![CDATA[Chrome]]>
              </value>
            </param>
          </params>
          <reporter-output>
          </reporter-output>
        </test-method> <!-- launchBrrowser -->
        <test-method signature="addContactsScript(java.lang.String,java.lang.String,java.lang.String,java.lang.String,java.lang.String,java.lang.String)[pri:0, instance:scripts.addContactsScript@27462a88]" started-at="2024-02-26T09:50:57 IST" name="addContactsScript" data-provider="elorusContactData" finished-at="2024-02-26T09:51:06 IST" duration-ms="9029" status="PASS">
          <params>
            <param index="0">
              <value>
                <![CDATA[aishwaryaraj2026@gmail.com]]>
              </value>
            </param>
            <param index="1">
              <value>
                <![CDATA[Aish@2024]]>
              </value>
            </param>
            <param index="2">
              <value>
                <![CDATA[Aishwarya Raj]]>
              </value>
            </param>
            <param index="3">
              <value>
                <![CDATA[C]]>
              </value>
            </param>
            <param index="4">
              <value>
                <![CDATA[Infosys]]>
              </value>
            </param>
            <param index="5">
              <value>
                <![CDATA[Tester]]>
              </value>
            </param>
          </params>
          <reporter-output>
          </reporter-output>
        </test-method> <!-- addContactsScript -->
        <test-method is-config="true" signature="closeBrowser()[pri:0, instance:scripts.addContactsScript@27462a88]" started-at="2024-02-26T09:51:06 IST" name="closeBrowser" finished-at="2024-02-26T09:51:06 IST" duration-ms="743" status="PASS">
          <reporter-output>
          </reporter-output>
        </test-method> <!-- closeBrowser -->
        <test-method is-config="true" signature="killDrivers()[pri:0, instance:scripts.addContactsScript@27462a88]" started-at="2024-02-26T09:51:06 IST" name="killDrivers" finished-at="2024-02-26T09:51:06 IST" duration-ms="9" status="PASS">
          <reporter-output>
          </reporter-output>
        </test-method> <!-- killDrivers -->
      </class> <!-- scripts.addContactsScript -->
    </test> <!-- ChromeTest -->
  </suite> <!-- Suite -->
</testng-results>
